  1_bfv_basics.cpp
  2_encoders.cpp
  3_levels.cpp
  4_ckks_basics.cpp
  5_rotation.cpp
  6_serialization.cpp
  7_performance.cpp
  examples.cpp
1_bfv_basics.obj : error LNK2001: unresolved external symbol "public: class seal::Plaintext & __thiscall seal::Plaintext::operator=(class std::basic_string<char,struct std::char_traits<char>,class std::allocator<char> > const &)" (??4Plaintext@seal@@QAEAAV01@ABV?$basic_string@DU?$char_traits@D@std@@V?$allocator@D@2@@std@@@Z)
1_bfv_basics.obj : error LNK2001: unresolved external symbol "class std::array<unsigned __int64,4> const seal::parms_id_zero" (?parms_id_zero@seal@@3V?$array@_K$03@std@@B)
1_bfv_basics.obj : error LNK2001: unresolved external symbol "private: void __thiscall seal::Modulus::set_value(unsigned __int64)" (?set_value@Modulus@seal@@AAEX_K@Z)
1_bfv_basics.obj : error LNK2001: unresolved external symbol "private: void __thiscall seal::Evaluator::relinearize_internal(class seal::Ciphertext &,class seal::RelinKeys const &,unsigned int,class seal::MemoryPoolHandle)const " (?relinearize_internal@Evaluator@seal@@ABEXAAVCiphertext@2@ABVRelinKeys@2@IVMemoryPoolHandle@2@@Z)
1_bfv_basics.obj : error LNK2001: unresolved external symbol "public: void __thiscall seal::Evaluator::multiply_plain_inplace(class seal::Ciphertext &,class seal::Plaintext const &,class seal::MemoryPoolHandle)const " (?multiply_plain_inplace@Evaluator@seal@@QBEXAAVCiphertext@2@ABVPlaintext@2@VMemoryPoolHandle@2@@Z)
1_bfv_basics.obj : error LNK2001: unresolved external symbol "public: void __thiscall seal::Evaluator::add_plain_inplace(class seal::Ciphertext &,class seal::Plaintext const &)const " (?add_plain_inplace@Evaluator@seal@@QBEXAAVCiphertext@2@ABVPlaintext@2@@Z)
1_bfv_basics.obj : error LNK2001: unresolved external symbol "public: void __thiscall seal::Evaluator::square_inplace(class seal::Ciphertext &,class seal::MemoryPoolHandle)const " (?square_inplace@Evaluator@seal@@QBEXAAVCiphertext@2@VMemoryPoolHandle@2@@Z)
1_bfv_basics.obj : error LNK2001: unresolved external symbol "public: void __thiscall seal::Evaluator::multiply_inplace(class seal::Ciphertext &,class seal::Ciphertext const &,class seal::MemoryPoolHandle)const " (?multiply_inplace@Evaluator@seal@@QBEXAAVCiphertext@2@ABV32@VMemoryPoolHandle@2@@Z)
1_bfv_basics.obj : error LNK2001: unresolved external symbol "public: __thiscall seal::Evaluator::Evaluator(class seal::SEALContext const &)" (??0Evaluator@seal@@QAE@ABVSEALContext@1@@Z)
1_bfv_basics.obj : error LNK2001: unresolved external symbol "private: void __thiscall seal::Encryptor::encrypt_internal(class seal::Plaintext const &,bool,bool,class seal::Ciphertext &,class seal::MemoryPoolHandle)const " (?encrypt_internal@Encryptor@seal@@ABEXABVPlaintext@2@_N1AAVCiphertext@2@VMemoryPoolHandle@2@@Z)
1_bfv_basics.obj : error LNK2001: unresolved external symbol "public: __thiscall seal::Encryptor::Encryptor(class seal::SEALContext const &,class seal::PublicKey const &)" (??0Encryptor@seal@@QAE@ABVSEALContext@1@ABVPublicKey@1@@Z)
1_bfv_basics.obj : error LNK2001: unresolved external symbol "public: int __thiscall seal::Decryptor::invariant_noise_budget(class seal::Ciphertext const &)" (?invariant_noise_budget@Decryptor@seal@@QAEHABVCiphertext@2@@Z)
1_bfv_basics.obj : error LNK2001: unresolved external symbol "public: void __thiscall seal::Decryptor::decrypt(class seal::Ciphertext const &,class seal::Plaintext &)" (?decrypt@Decryptor@seal@@QAEXABVCiphertext@2@AAVPlaintext@2@@Z)
1_bfv_basics.obj : error LNK2001: unresolved external symbol "public: __thiscall seal::Decryptor::Decryptor(class seal::SEALContext const &,class seal::SecretKey const &)" (??0Decryptor@seal@@QAE@ABVSEALContext@1@ABVSecretKey@1@@Z)
1_bfv_basics.obj : error LNK2001: unresolved external symbol "public: static class std::vector<class seal::Modulus,class std::allocator<class seal::Modulus> > __cdecl seal::CoeffModulus::BFVDefault(unsigned int,enum seal::sec_level_type)" (?BFVDefault@CoeffModulus@seal@@SA?AV?$vector@VModulus@seal@@V?$allocator@VModulus@seal@@@std@@@std@@IW4sec_level_type@2@@Z)
1_bfv_basics.obj : error LNK2001: unresolved external symbol "public: char const * __thiscall seal::EncryptionParameterQualifiers::parameter_error_message(void)const " (?parameter_error_message@EncryptionParameterQualifiers@seal@@QBEPBDXZ)
1_bfv_basics.obj : error LNK2001: unresolved external symbol "public: class seal::Ciphertext & __thiscall seal::Ciphertext::operator=(class seal::Ciphertext const &)" (??4Ciphertext@seal@@QAEAAV01@ABV01@@Z)
1_bfv_basics.obj : error LNK2001: unresolved external symbol "class std::basic_string<char,struct std::char_traits<char>,class std::allocator<char> > __cdecl seal::util::uint_to_hex_string(unsigned __int64 const *,unsigned int)" (?uint_to_hex_string@util@seal@@YA?AV?$basic_string@DU?$char_traits@D@std@@V?$allocator@D@2@@std@@PB_KI@Z)
1_bfv_basics.obj : error LNK2001: unresolved external symbol "class std::shared_ptr<class seal::util::MemoryPool> const seal::util::global_variables::tls_memory_pool" (?tls_memory_pool@global_variables@util@seal@@3V?$shared_ptr@VMemoryPool@util@seal@@@std@@B)
1_bfv_basics.obj : error LNK2001: unresolved external symbol "class std::shared_ptr<class seal::util::MemoryPool> const seal::util::global_variables::global_memory_pool" (?global_memory_pool@global_variables@util@seal@@3V?$shared_ptr@VMemoryPool@util@seal@@@std@@B)
1_bfv_basics.obj : error LNK2001: unresolved external symbol "public: virtual unsigned int __thiscall seal::util::MemoryPoolMT::alloc_byte_count(void)const " (?alloc_byte_count@MemoryPoolMT@util@seal@@UBEIXZ)
1_bfv_basics.obj : error LNK2001: unresolved external symbol "public: virtual class seal::util::Pointer<enum seal::seal_byte,void> __thiscall seal::util::MemoryPoolMT::get_for_byte_count(unsigned int)" (?get_for_byte_count@MemoryPoolMT@util@seal@@UAE?AV?$Pointer@W4seal_byte@seal@@X@23@I@Z)
1_bfv_basics.obj : error LNK2001: unresolved external symbol "public: virtual __thiscall seal::util::MemoryPoolMT::~MemoryPoolMT(void)" (??1MemoryPoolMT@util@seal@@UAE@XZ)
1_bfv_basics.obj : error LNK2001: unresolved external symbol "private: class seal::PublicKey __thiscall seal::KeyGenerator::generate_pk(bool)const " (?generate_pk@KeyGenerator@seal@@ABE?AVPublicKey@2@_N@Z)
1_bfv_basics.obj : error LNK2001: unresolved external symbol "private: class seal::RelinKeys __thiscall seal::KeyGenerator::create_relin_keys(unsigned int,bool)" (?create_relin_keys@KeyGenerator@seal@@AAE?AVRelinKeys@2@I_N@Z)
1_bfv_basics.obj : error LNK2001: unresolved external symbol "public: class seal::SecretKey const & __thiscall seal::KeyGenerator::secret_key(void)const " (?secret_key@KeyGenerator@seal@@QBEABVSecretKey@2@XZ)
1_bfv_basics.obj : error LNK2001: unresolved external symbol "public: __thiscall seal::KeyGenerator::KeyGenerator(class seal::SEALContext const &)" (??0KeyGenerator@seal@@QAE@ABVSEALContext@1@@Z)
1_bfv_basics.obj : error LNK2001: unresolved external symbol "private: void __thiscall seal::EncryptionParameters::compute_parms_id(void)" (?compute_parms_id@EncryptionParameters@seal@@AAEXXZ)
1_bfv_basics.obj : error LNK2001: unresolved external symbol "private: __thiscall seal::SEALContext::SEALContext(class seal::EncryptionParameters,bool,enum seal::sec_level_type,class seal::MemoryPoolHandle)" (??0SEALContext@seal@@AAE@VEncryptionParameters@1@_NW4sec_level_type@1@VMemoryPoolHandle@1@@Z)
2_encoders.obj : error LNK2001: unresolved external symbol "public: __thiscall seal::CKKSEncoder::CKKSEncoder(class seal::SEALContext const &)" (??0CKKSEncoder@seal@@QAE@ABVSEALContext@1@@Z)
2_encoders.obj : error LNK2001: unresolved external symbol "bool __cdecl seal::is_buffer_valid(class seal::Plaintext const &)" (?is_buffer_valid@seal@@YA_NABVPlaintext@1@@Z)
2_encoders.obj : error LNK2001: unresolved external symbol "bool __cdecl seal::is_data_valid_for(class seal::Plaintext const &,class seal::SEALContext const &)" (?is_data_valid_for@seal@@YA_NABVPlaintext@1@ABVSEALContext@1@@Z)
2_encoders.obj : error LNK2001: unresolved external symbol "public: static class std::vector<class seal::Modulus,class std::allocator<class seal::Modulus> > __cdecl seal::CoeffModulus::Create(unsigned int,class std::vector<int,class std::allocator<int> >)" (?Create@CoeffModulus@seal@@SA?AV?$vector@VModulus@seal@@V?$allocator@VModulus@seal@@@std@@@std@@IV?$vector@HV?$allocator@H@std@@@4@@Z)
2_encoders.obj : error LNK2001: unresolved external symbol "public: void __thiscall seal::BatchEncoder::decode(class seal::Plaintext const &,class std::vector<unsigned __int64,class std::allocator<unsigned __int64> > &,class seal::MemoryPoolHandle)const " (?decode@BatchEncoder@seal@@QBEXABVPlaintext@2@AAV?$vector@_KV?$allocator@_K@std@@@std@@VMemoryPoolHandle@2@@Z)
2_encoders.obj : error LNK2001: unresolved external symbol "public: void __thiscall seal::BatchEncoder::encode(class std::vector<unsigned __int64,class std::allocator<unsigned __int64> > const &,class seal::Plaintext &)const " (?encode@BatchEncoder@seal@@QBEXABV?$vector@_KV?$allocator@_K@std@@@std@@AAVPlaintext@2@@Z)
2_encoders.obj : error LNK2001: unresolved external symbol "public: __thiscall seal::BatchEncoder::BatchEncoder(class seal::SEALContext const &)" (??0BatchEncoder@seal@@QAE@ABVSEALContext@1@@Z)
2_encoders.obj : error LNK2001: unresolved external symbol "void __cdecl seal::util::inverse_ntt_negacyclic_harvey_lazy(class seal::util::PtrIter<unsigned __int64 *>,class seal::util::NTTTables const &)" (?inverse_ntt_negacyclic_harvey_lazy@util@seal@@YAXV?$PtrIter@PA_K@12@ABVNTTTables@12@@Z)
2_encoders.obj : error LNK2001: unresolved external symbol "void __cdecl seal::util::ntt_negacyclic_harvey_lazy(class seal::util::PtrIter<unsigned __int64 *>,class seal::util::NTTTables const &)" (?ntt_negacyclic_harvey_lazy@util@seal@@YAXV?$PtrIter@PA_K@12@ABVNTTTables@12@@Z)
2_encoders.obj : error LNK2001: unresolved external symbol "public: void __thiscall seal::util::RNSBase::compose_array(unsigned __int64 *,unsigned int,class seal::MemoryPoolHandle)const " (?compose_array@RNSBase@util@seal@@QBEXPA_KIVMemoryPoolHandle@3@@Z)
2_encoders.obj : error LNK2001: unresolved external symbol "public: void __thiscall seal::util::RNSBase::decompose(unsigned __int64 *,class seal::MemoryPoolHandle)const " (?decompose@RNSBase@util@seal@@QBEXPA_KVMemoryPoolHandle@3@@Z)
3_levels.obj : error LNK2001: unresolved external symbol "public: void __thiscall seal::Evaluator::mod_switch_to_next(class seal::Ciphertext const &,class seal::Ciphertext &,class seal::MemoryPoolHandle)const " (?mod_switch_to_next@Evaluator@seal@@QBEXABVCiphertext@2@AAV32@VMemoryPoolHandle@2@@Z)
4_ckks_basics.obj : error LNK2001: unresolved external symbol "private: void __thiscall seal::CKKSEncoder::encode_internal(double,class std::array<unsigned __int64,4>,double,class seal::Plaintext &,class seal::MemoryPoolHandle)" (?encode_internal@CKKSEncoder@seal@@AAEXNV?$array@_K$03@std@@NAAVPlaintext@2@VMemoryPoolHandle@2@@Z)
4_ckks_basics.obj : error LNK2001: unresolved external symbol "public: void __thiscall seal::Evaluator::rescale_to_next(class seal::Ciphertext const &,class seal::Ciphertext &,class seal::MemoryPoolHandle)const " (?rescale_to_next@Evaluator@seal@@QBEXABVCiphertext@2@AAV32@VMemoryPoolHandle@2@@Z)
4_ckks_basics.obj : error LNK2001: unresolved external symbol "public: void __thiscall seal::Evaluator::mod_switch_to_inplace(class seal::Ciphertext &,class std::array<unsigned __int64,4>,class seal::MemoryPoolHandle)const " (?mod_switch_to_inplace@Evaluator@seal@@QBEXAAVCiphertext@2@V?$array@_K$03@std@@VMemoryPoolHandle@2@@Z)
4_ckks_basics.obj : error LNK2001: unresolved external symbol "public: void __thiscall seal::Evaluator::mod_switch_to_inplace(class seal::Plaintext &,class std::array<unsigned __int64,4>)const " (?mod_switch_to_inplace@Evaluator@seal@@QBEXAAVPlaintext@2@V?$array@_K$03@std@@@Z)
4_ckks_basics.obj : error LNK2001: unresolved external symbol "public: void __thiscall seal::Evaluator::add_inplace(class seal::Ciphertext &,class seal::Ciphertext const &)const " (?add_inplace@Evaluator@seal@@QBEXAAVCiphertext@2@ABV32@@Z)
4_ckks_basics.obj : error LNK2001: unresolved external symbol "public: class std::vector<unsigned int,class std::allocator<unsigned int> > __thiscall seal::util::GaloisTool::get_elts_all(void)const " (?get_elts_all@GaloisTool@util@seal@@QBE?AV?$vector@IV?$allocator@I@std@@@std@@XZ)
4_ckks_basics.obj : error LNK2001: unresolved external symbol "private: class seal::GaloisKeys __thiscall seal::KeyGenerator::create_galois_keys(class std::vector<unsigned int,class std::allocator<unsigned int> > const &,bool)" (?create_galois_keys@KeyGenerator@seal@@AAE?AVGaloisKeys@2@ABV?$vector@IV?$allocator@I@std@@@std@@_N@Z)
5_rotation.obj : error LNK2001: unresolved external symbol "private: void __thiscall seal::Evaluator::rotate_internal(class seal::Ciphertext &,int,class seal::GaloisKeys const &,class seal::MemoryPoolHandle)const " (?rotate_internal@Evaluator@seal@@ABEXAAVCiphertext@2@HABVGaloisKeys@2@VMemoryPoolHandle@2@@Z)
5_rotation.obj : error LNK2001: unresolved external symbol "public: void __thiscall seal::Evaluator::apply_galois_inplace(class seal::Ciphertext &,unsigned int,class seal::GaloisKeys const &,class seal::MemoryPoolHandle)const " (?apply_galois_inplace@Evaluator@seal@@QBEXAAVCiphertext@2@IABVGaloisKeys@2@VMemoryPoolHandle@2@@Z)
5_rotation.obj : error LNK2001: unresolved external symbol "public: unsigned int __thiscall seal::util::GaloisTool::get_elt_from_step(int)const " (?get_elt_from_step@GaloisTool@util@seal@@QBEIH@Z)
6_serialization.obj : error LNK2001: unresolved external symbol "private: void __thiscall seal::Plaintext::load_members(class seal::SEALContext const &,class std::basic_istream<char,struct std::char_traits<char> > &,struct seal::SEALVersion)" (?load_members@Plaintext@seal@@AAEXABVSEALContext@2@AAV?$basic_istream@DU?$char_traits@D@std@@@std@@USEALVersion@2@@Z)
6_serialization.obj : error LNK2001: unresolved external symbol "private: void __thiscall seal::Plaintext::save_members(class std::basic_ostream<char,struct std::char_traits<char> > &)const " (?save_members@Plaintext@seal@@ABEXAAV?$basic_ostream@DU?$char_traits@D@std@@@std@@@Z)
6_serialization.obj : error LNK2001: unresolved external symbol "bool __cdecl seal::is_buffer_valid(class seal::Ciphertext const &)" (?is_buffer_valid@seal@@YA_NABVCiphertext@1@@Z)
6_serialization.obj : error LNK2001: unresolved external symbol "bool __cdecl seal::is_buffer_valid(class seal::SecretKey const &)" (?is_buffer_valid@seal@@YA_NABVSecretKey@1@@Z)
6_serialization.obj : error LNK2001: unresolved external symbol "bool __cdecl seal::is_buffer_valid(class seal::KSwitchKeys const &)" (?is_buffer_valid@seal@@YA_NABVKSwitchKeys@1@@Z)
6_serialization.obj : error LNK2001: unresolved external symbol "bool __cdecl seal::is_data_valid_for(class seal::Ciphertext const &,class seal::SEALContext const &)" (?is_data_valid_for@seal@@YA_NABVCiphertext@1@ABVSEALContext@1@@Z)
6_serialization.obj : error LNK2001: unresolved external symbol "bool __cdecl seal::is_data_valid_for(class seal::SecretKey const &,class seal::SEALContext const &)" (?is_data_valid_for@seal@@YA_NABVSecretKey@1@ABVSEALContext@1@@Z)
6_serialization.obj : error LNK2001: unresolved external symbol "bool __cdecl seal::is_data_valid_for(class seal::KSwitchKeys const &,class seal::SEALContext const &)" (?is_data_valid_for@seal@@YA_NABVKSwitchKeys@1@ABVSEALContext@1@@Z)
6_serialization.obj : error LNK2001: unresolved external symbol "public: static __int64 __cdecl seal::Serialization::Load(class std::function<void __cdecl(class std::basic_istream<char,struct std::char_traits<char> > &,struct seal::SEALVersion)>,class std::basic_istream<char,struct std::char_traits<char> > &,bool)" (?Load@Serialization@seal@@SA_JV?$function@$$A6AXAAV?$basic_istream@DU?$char_traits@D@std@@@std@@USEALVersion@seal@@@Z@std@@AAV?$basic_istream@DU?$char_traits@D@std@@@4@_N@Z)
6_serialization.obj : error LNK2001: unresolved external symbol "public: static __int64 __cdecl seal::Serialization::Load(class std::function<void __cdecl(class std::basic_istream<char,struct std::char_traits<char> > &,struct seal::SEALVersion)>,enum seal::seal_byte const *,unsigned int,bool)" (?Load@Serialization@seal@@SA_JV?$function@$$A6AXAAV?$basic_istream@DU?$char_traits@D@std@@@std@@USEALVersion@seal@@@Z@std@@PBW4seal_byte@2@I_N@Z)
6_serialization.obj : error LNK2001: unresolved external symbol "public: static __int64 __cdecl seal::Serialization::Save(class std::function<void __cdecl(class std::basic_ostream<char,struct std::char_traits<char> > &)>,__int64,class std::basic_ostream<char,struct std::char_traits<char> > &,enum seal::compr_mode_type,bool)" (?Save@Serialization@seal@@SA_JV?$function@$$A6AXAAV?$basic_ostream@DU?$char_traits@D@std@@@std@@@Z@std@@_JAAV?$basic_ostream@DU?$char_traits@D@std@@@4@W4compr_mode_type@2@_N@Z)
6_serialization.obj : error LNK2001: unresolved external symbol "public: static __int64 __cdecl seal::Serialization::Save(class std::function<void __cdecl(class std::basic_ostream<char,struct std::char_traits<char> > &)>,__int64,enum seal::seal_byte *,unsigned int,enum seal::compr_mode_type,bool)" (?Save@Serialization@seal@@SA_JV?$function@$$A6AXAAV?$basic_ostream@DU?$char_traits@D@std@@@std@@@Z@std@@_JPAW4seal_byte@2@IW4compr_mode_type@2@_N@Z)
6_serialization.obj : error LNK2001: unresolved external symbol "public: static __int64 __cdecl seal::Serialization::LoadHeader(class std::basic_istream<char,struct std::char_traits<char> > &,struct seal::Serialization::SEALHeader &,bool)" (?LoadHeader@Serialization@seal@@SA_JAAV?$basic_istream@DU?$char_traits@D@std@@@std@@AAUSEALHeader@12@_N@Z)
6_serialization.obj : error LNK2001: unresolved external symbol "public: static unsigned int __cdecl seal::Serialization::ComprSizeEstimate(unsigned int,enum seal::compr_mode_type)" (?ComprSizeEstimate@Serialization@seal@@SAIIW4compr_mode_type@2@@Z)
6_serialization.obj : error LNK2001: unresolved external symbol "private: void __thiscall seal::Ciphertext::load_members(class seal::SEALContext const &,class std::basic_istream<char,struct std::char_traits<char> > &,struct seal::SEALVersion)" (?load_members@Ciphertext@seal@@AAEXABVSEALContext@2@AAV?$basic_istream@DU?$char_traits@D@std@@@std@@USEALVersion@2@@Z)
6_serialization.obj : error LNK2001: unresolved external symbol "private: void __thiscall seal::Ciphertext::save_members(class std::basic_ostream<char,struct std::char_traits<char> > &)const " (?save_members@Ciphertext@seal@@ABEXAAV?$basic_ostream@DU?$char_traits@D@std@@@std@@@Z)
6_serialization.obj : error LNK2001: unresolved external symbol "public: __int64 __thiscall seal::Ciphertext::save_size(enum seal::compr_mode_type)const " (?save_size@Ciphertext@seal@@QBE_JW4compr_mode_type@2@@Z)
6_serialization.obj : error LNK2001: unresolved external symbol "private: void __thiscall seal::KSwitchKeys::load_members(class seal::SEALContext const &,class std::basic_istream<char,struct std::char_traits<char> > &,struct seal::SEALVersion)" (?load_members@KSwitchKeys@seal@@AAEXABVSEALContext@2@AAV?$basic_istream@DU?$char_traits@D@std@@@std@@USEALVersion@2@@Z)
6_serialization.obj : error LNK2001: unresolved external symbol "private: void __thiscall seal::KSwitchKeys::save_members(class std::basic_ostream<char,struct std::char_traits<char> > &)const " (?save_members@KSwitchKeys@seal@@ABEXAAV?$basic_ostream@DU?$char_traits@D@std@@@std@@@Z)
6_serialization.obj : error LNK2001: unresolved external symbol "private: void __thiscall seal::EncryptionParameters::load_members(class std::basic_istream<char,struct std::char_traits<char> > &,struct seal::SEALVersion)" (?load_members@EncryptionParameters@seal@@AAEXAAV?$basic_istream@DU?$char_traits@D@std@@@std@@USEALVersion@2@@Z)
6_serialization.obj : error LNK2001: unresolved external symbol "private: void __thiscall seal::EncryptionParameters::save_members(class std::basic_ostream<char,struct std::char_traits<char> > &)const " (?save_members@EncryptionParameters@seal@@ABEXAAV?$basic_ostream@DU?$char_traits@D@std@@@std@@@Z)
7_performance.obj : error LNK2001: unresolved external symbol "private: void __thiscall seal::CKKSEncoder::encode_internal(__int64,class std::array<unsigned __int64,4>,class seal::Plaintext &)" (?encode_internal@CKKSEncoder@seal@@AAEX_JV?$array@_K$03@std@@AAVPlaintext@2@@Z)
7_performance.obj : error LNK2001: unresolved external symbol "public: unsigned __int64 __thiscall seal::Modulus::reduce(unsigned __int64)const " (?reduce@Modulus@seal@@QBE_K_K@Z)
7_performance.obj : error LNK2001: unresolved external symbol "private: void __thiscall seal::Ciphertext::reserve_internal(unsigned int,unsigned int,unsigned int)" (?reserve_internal@Ciphertext@seal@@AAEXIII@Z)
7_performance.obj : error LNK2001: unresolved external symbol "public: void __thiscall seal::Ciphertext::reserve(class seal::SEALContext const &,class std::array<unsigned __int64,4>,unsigned int)" (?reserve@Ciphertext@seal@@QAEXABVSEALContext@2@V?$array@_K$03@std@@I@Z)
D:\Workspace\SecuSim_SEALDemo\Release\SEAL_Examples.exe : fatal error LNK1120: 76 unresolved externals
